<?xml version="1.0" encoding="UTF-8"?>
<!-- Generated by org.testng.reporters.JUnitXMLReporter -->
<testsuite ignored="0" hostname="LTGB011108" failures="0" tests="4" name="Default test" time="14.929" errors="0" timestamp="2025-04-10T09:50:06 BST">
  <testcase classname="com.pageTests.TopCitiesTest" name="setUpPageTest" time="0.223"/>
  <testcase classname="com.pageTests.TopCitiesTest" name="goToDiagnosisPageTest" time="4.961"/>
  <testcase classname="com.pageTests.TopCitiesTest" name="manageConsentTest" time="1.54"/>
  <testcase classname="com.pageTests.TopCitiesTest" name="createExcelReport" time="1.325"/>
</testsuite> <!-- Default test -->
