<?xml version="1.0" encoding="UTF-8"?>
<!-- Generated by org.testng.reporters.JUnitXMLReporter -->
<testsuite ignored="0" hostname="LTGB011108" failures="0" tests="3" name="Test" time="92.425" errors="0" timestamp="2025-04-11T14:55:48 BST">
  <testcase classname="com.pageTests.HomePageAccessibilityTest" name="testAccessibility" time="9.46"/>
  <testcase classname="com.pageTests.HospitalListingsTest" name="setUp" time="20.489"/>
  <testcase classname="com.pageTests.HospitalListingsTest" name="print_All_Hopsitals_With_Rating_And_Opening" time="58.624"/>
</testsuite> <!-- Test -->
