<?xml version="1.0" encoding="UTF-8"?>
<!-- Generated by org.testng.reporters.JUnitXMLReporter -->
<testsuite ignored="0" hostname="LTGB011108" failures="0" tests="5" name="Test" time="15.096" errors="0" timestamp="2025-04-10T10:18:41 BST">
  <testcase classname="com.pageTests.TopCitiesTest" name="setUpPageTest" time="0.198"/>
  <testcase classname="com.pageTests.TopCitiesTest" name="goToDiagnosisPageTest" time="5.224"/>
  <testcase classname="com.pageTests.TopCitiesTest" name="manageConsentTest" time="1.134"/>
  <testcase classname="com.pageTests.TopCitiesTest" name="createExcelReport" time="1.812"/>
  <testcase classname="com.pageTests.HomePageAccessibilityTest" name="testAccessibility" time="13.585"/>
</testsuite> <!-- Test -->
