<?xml version="1.0" encoding="UTF-8"?>
<testng-results ignored="0" total="1" passed="1" failed="0" skipped="0">
  <reporter-output>
  </reporter-output>
  <suite started-at="2025-04-05T18:41:41 BST" name="Default suite" finished-at="2025-04-05T18:41:54 BST" duration-ms="13397">
    <groups>
    </groups>
    <test started-at="2025-04-05T18:41:41 BST" name="Default test" finished-at="2025-04-05T18:41:54 BST" duration-ms="13397">
      <class name="com.pageTests.HomePageAccessibilityTest">
        <test-method is-config="true" signature="createReport()[pri:0, instance:com.pageTests.HomePageAccessibilityTest@3bb9efbc]" started-at="2025-04-05T18:41:41 BST" name="createReport" finished-at="2025-04-05T18:41:41 BST" duration-ms="213" status="PASS">
          <reporter-output>
          </reporter-output>
        </test-method> <!-- createReport -->
        <test-method signature="testAccessibility()[pri:0, instance:com.pageTests.HomePageAccessibilityTest@3bb9efbc]" started-at="2025-04-05T18:41:41 BST" name="testAccessibility" finished-at="2025-04-05T18:41:51 BST" duration-ms="10329" status="PASS">
          <reporter-output>
          </reporter-output>
        </test-method> <!-- testAccessibility -->
        <test-method is-config="true" signature="tearDown()[pri:0, instance:com.pageTests.HomePageAccessibilityTest@3bb9efbc]" started-at="2025-04-05T18:41:51 BST" name="tearDown" finished-at="2025-04-05T18:41:54 BST" duration-ms="2803" status="PASS">
          <reporter-output>
          </reporter-output>
        </test-method> <!-- tearDown -->
      </class> <!-- com.pageTests.HomePageAccessibilityTest -->
    </test> <!-- Default test -->
  </suite> <!-- Default suite -->
</testng-results>
