<?xml version="1.0" encoding="UTF-8"?>
<testng-results ignored="0" total="1" passed="0" failed="1" skipped="0">
  <reporter-output>
  </reporter-output>
  <suite started-at="2025-03-25T16:27:33 GMT" name="Default suite" finished-at="2025-03-25T16:27:42 GMT" duration-ms="8920">
    <groups>
      <group name="cucumber">
        <method signature="AbstractTestNGCucumberTests.runScenario(io.cucumber.testng.PickleWrapper,io.cucumber.testng.FeatureWrapper)[pri:0, instance:com.hospital.practo.runner.CukeRun@8317c52]" name="runScenario" class="io.cucumber.testng.AbstractTestNGCucumberTests"/>
      </group> <!-- cucumber -->
    </groups>
    <test started-at="2025-03-25T16:27:33 GMT" name="Default test" finished-at="2025-03-25T16:27:42 GMT" duration-ms="8920">
      <class name="com.hospital.practo.runner.CukeRun">
        <test-method is-config="true" signature="setUpClass(org.testng.ITestContext)[pri:0, instance:com.hospital.practo.runner.CukeRun@8317c52]" started-at="2025-03-25T16:27:33 GMT" name="setUpClass" finished-at="2025-03-25T16:27:33 GMT" duration-ms="610" status="PASS">
          <params>
            <param index="0">
              <value>
                <![CDATA[org.testng.TestRunner@6486fe7b]]>
              </value>
            </param>
          </params>
          <reporter-output>
          </reporter-output>
        </test-method> <!-- setUpClass -->
        <test-method signature="runScenario(io.cucumber.testng.PickleWrapper,io.cucumber.testng.FeatureWrapper)[pri:0, instance:com.hospital.practo.runner.CukeRun@8317c52]" started-at="2025-03-25T16:27:33 GMT" name="runScenario" description="Runs Cucumber Scenarios" data-provider="scenarios" finished-at="2025-03-25T16:27:41 GMT" duration-ms="8013" status="FAIL">
          <params>
            <param index="0">
              <value>
                <![CDATA["User searches for hospitals in Bangalore"]]>
              </value>
            </param>
            <param index="1">
              <value>
                <![CDATA["Search for hospitals in a specific city on Practo"]]>
              </value>
            </param>
          </params>
          <exception class="org.openqa.selenium.support.ui.UnexpectedTagNameException">
            <message>
              <![CDATA[Element should have been "select" but was "input"
Build info: version: '4.29.0', revision: '5fc1ec94cb'
System info: os.name: 'Windows 11', os.arch: 'amd64', os.version: '10.0', java.version: '23.0.2'
Driver info: driver.version: unknown]]>
            </message>
            <full-stacktrace>
              <![CDATA[org.openqa.selenium.support.ui.UnexpectedTagNameException: Element should have been "select" but was "input"
Build info: version: '4.29.0', revision: '5fc1ec94cb'
System info: os.name: 'Windows 11', os.arch: 'amd64', os.version: '10.0', java.version: '23.0.2'
Driver info: driver.version: unknown
at org.openqa.selenium.support.ui.Select.<init>(Select.java:44)
at com.utils.PageActions.selectFromDropdown(PageActions.java:52)
at com.pages.MenuPage.selectCityFromDropdown(MenuPage.java:68)
at com.hospital.practo.steps.MenuPageSteps.the_user_selects_from_the_dropdown_options(MenuPageSteps.java:39)
at ✽.the user selects "Bangalore" from the dropdown options(file:///C:/Users/2391618/eclipse-workspace/hospital-website-testing/src/test/resources/features/homeSite.feature:6)
]]>
            </full-stacktrace>
          </exception> <!-- org.openqa.selenium.support.ui.UnexpectedTagNameException -->
          <reporter-output>
          </reporter-output>
        </test-method> <!-- runScenario -->
        <test-method is-config="true" signature="tearDownClass()[pri:0, instance:com.hospital.practo.runner.CukeRun@8317c52]" started-at="2025-03-25T16:27:41 GMT" name="tearDownClass" finished-at="2025-03-25T16:27:42 GMT" duration-ms="261" status="PASS">
          <reporter-output>
          </reporter-output>
        </test-method> <!-- tearDownClass -->
      </class> <!-- com.hospital.practo.runner.CukeRun -->
    </test> <!-- Default test -->
  </suite> <!-- Default suite -->
</testng-results>
