<?xml version="1.0" encoding="UTF-8"?>
<!-- Generated by org.testng.reporters.JUnitReportReporter -->
<testsuite hostname="LTGB011108" failures="0" tests="1" name="com.hospital.practo.runner.CukeRun" time="8.013" errors="1" timestamp="2025-03-25T16:27:42 GMT" skipped="0">
  <testcase classname="com.hospital.practo.runner.CukeRun" name="runScenario" time="8.013">
    <error message="Element should have been &quot;select&quot; but was &quot;input&quot;
Build info: version: &#039;4.29.0&#039;, revision: &#039;5fc1ec94cb&#039;
System info: os.name: &#039;Windows 11&#039;, os.arch: &#039;amd64&#039;, os.version: &#039;10.0&#039;, java.version: &#039;23.0.2&#039;
Driver info: driver.version: unknown" type="org.openqa.selenium.support.ui.UnexpectedTagNameException">
      <![CDATA[org.openqa.selenium.support.ui.UnexpectedTagNameException: Element should have been "select" but was "input"
Build info: version: '4.29.0', revision: '5fc1ec94cb'
System info: os.name: 'Windows 11', os.arch: 'amd64', os.version: '10.0', java.version: '23.0.2'
Driver info: driver.version: unknown
at org.openqa.selenium.support.ui.Select.<init>(Select.java:44)
at com.utils.PageActions.selectFromDropdown(PageActions.java:52)
at com.pages.MenuPage.selectCityFromDropdown(MenuPage.java:68)
at com.hospital.practo.steps.MenuPageSteps.the_user_selects_from_the_dropdown_options(MenuPageSteps.java:39)
at ✽.the user selects "Bangalore" from the dropdown options(file:///C:/Users/2391618/eclipse-workspace/hospital-website-testing/src/test/resources/features/homeSite.feature:6)
]]>
    </error>
  </testcase> <!-- runScenario -->
</testsuite> <!-- com.hospital.practo.runner.CukeRun -->
